# JRE version: Java(TM) SE Runtime Environment (7.0_40-b43) (build 1.7.0_40-b43)
# Java VM: Java HotSpot(TM) Server VM (24.0-b56 mixed mode linux-x86 )
Heap
 PSYoungGen      total 223744K, used 80583K [0x9ee40000, 0xb35c0000, 0xb35c0000)
  eden space 112128K, 0% used [0x9ee40000,0x9ee40000,0xa5bc0000)
  from space 111616K, 72% used [0xa5bc0000,0xaaa71d98,0xac8c0000)
  to   space 111616K, 0% used [0xac8c0000,0xac8c0000,0xb35c0000)
 ParOldGen       total 383488K, used 383320K [0x75fc0000, 0x8d640000, 0x9ee40000)
  object space 383488K, 99% used [0x75fc0000,0x8d6163c8,0x8d640000)
 PSPermGen       total 16384K, used 4483K [0x71fc0000, 0x72fc0000, 0x75fc0000)
  object space 16384K, 27% used [0x71fc0000,0x72420ef0,0x72fc0000)
GC Heap History (10 events):
Event: 13.343 GC heap after
Heap after GC invocations=19 (full 5):
 PSYoungGen      total 183296K, used 62975K [0x9ee40000, 0xb1040000, 0xb35c0000)
  eden space 120320K, 0% used [0x9ee40000,0x9ee40000,0xa63c0000)
  from space 62976K, 99% used [0xab2c0000,0xaf03fdc8,0xaf040000)
  to   space 80896K, 0% used [0xa63c0000,0xa63c0000,0xab2c0000)
 ParOldGen       total 283904K, used 188669K [0x75fc0000, 0x87500000, 0x9ee40000)
  object space 283904K, 66% used [0x75fc0000,0x817ff5b0,0x87500000)
 PSPermGen       total 16384K, used 4483K [0x71fc0000, 0x72fc0000, 0x75fc0000)
  object space 16384K, 27% used [0x71fc0000,0x72420f20,0x72fc0000)
}
Event: 13.370 GC heap before
{Heap before GC invocations=20 (full 5):
 PSYoungGen      total 183296K, used 183258K [0x9ee40000, 0xb1040000, 0xb35c0000)
  eden space 120320K, 99% used [0x9ee40000,0xa63b6c80,0xa63c0000)
  from space 62976K, 99% used [0xab2c0000,0xaf03fdc8,0xaf040000)
  to   space 80896K, 0% used [0xa63c0000,0xa63c0000,0xab2c0000)
 ParOldGen       total 283904K, used 188669K [0x75fc0000, 0x87500000, 0x9ee40000)
  object space 283904K, 66% used [0x75fc0000,0x817ff5b0,0x87500000)
 PSPermGen       total 16384K, used 4483K [0x71fc0000, 0x72fc0000, 0x75fc0000)
  object space 16384K, 27% used [0x71fc0000,0x72420f20,0x72fc0000)
Event: 13.434 GC heap after
Heap after GC invocations=20 (full 5):
 PSYoungGen      total 201216K, used 80882K [0x9ee40000, 0xb35c0000, 0xb35c0000)
  eden space 120320K, 0% used [0x9ee40000,0x9ee40000,0xa63c0000)
  from space 80896K, 99% used [0xa63c0000,0xab2bcb78,0xab2c0000)
  to   space 111616K, 0% used [0xac8c0000,0xac8c0000,0xb35c0000)
 ParOldGen       total 291072K, used 291008K [0x75fc0000, 0x87c00000, 0x9ee40000)
  object space 291072K, 99% used [0x75fc0000,0x87bf0318,0x87c00000)
 PSPermGen       total 16384K, used 4483K [0x71fc0000, 0x72fc0000, 0x75fc0000)
  object space 16384K, 27% used [0x71fc0000,0x72420f20,0x72fc0000)
}
Event: 13.434 GC heap before
{Heap before GC invocations=21 (full 6):
 PSYoungGen      total 201216K, used 80882K [0x9ee40000, 0xb35c0000, 0xb35c0000)
  eden space 120320K, 0% used [0x9ee40000,0x9ee40000,0xa63c0000)
  from space 80896K, 99% used [0xa63c0000,0xab2bcb78,0xab2c0000)
  to   space 111616K, 0% used [0xac8c0000,0xac8c0000,0xb35c0000)
 ParOldGen       total 291072K, used 291008K [0x75fc0000, 0x87c00000, 0x9ee40000)
  object space 291072K, 99% used [0x75fc0000,0x87bf0318,0x87c00000)
 PSPermGen       total 16384K, used 4483K [0x71fc0000, 0x72fc0000, 0x75fc0000)
  object space 16384K, 27% used [0x71fc0000,0x72420f20,0x72fc0000)
Event: 13.564 GC heap after
Heap after GC invocations=21 (full 6):
 PSYoungGen      total 201216K, used 0K [0x9ee40000, 0xb35c0000, 0xb35c0000)
  eden space 120320K, 0% used [0x9ee40000,0x9ee40000,0xa63c0000)
  from space 80896K, 0% used [0xa63c0000,0xa63c0000,0xab2c0000)
  to   space 111616K, 0% used [0xac8c0000,0xac8c0000,0xb35c0000)
 ParOldGen       total 383488K, used 231614K [0x75fc0000, 0x8d640000, 0x9ee40000)
  object space 383488K, 60% used [0x75fc0000,0x841efba0,0x8d640000)
 PSPermGen       total 16384K, used 4483K [0x71fc0000, 0x72fc0000, 0x75fc0000)
  object space 16384K, 27% used [0x71fc0000,0x72420ef0,0x72fc0000)
}
Event: 13.593 GC heap before
{Heap before GC invocations=22 (full 6):
 PSYoungGen      total 201216K, used 120292K [0x9ee40000, 0xb35c0000, 0xb35c0000)
  eden space 120320K, 99% used [0x9ee40000,0xa63b9378,0xa63c0000)
  from space 80896K, 0% used [0xa63c0000,0xa63c0000,0xab2c0000)
  to   space 111616K, 0% used [0xac8c0000,0xac8c0000,0xb35c0000)
 ParOldGen       total 383488K, used 231614K [0x75fc0000, 0x8d640000, 0x9ee40000)
  object space 383488K, 60% used [0x75fc0000,0x841efba0,0x8d640000)
 PSPermGen       total 16384K, used 4483K [0x71fc0000, 0x72fc0000, 0x75fc0000)
  object space 16384K, 27% used [0x71fc0000,0x72420ef0,0x72fc0000)
Event: 13.635 GC heap after
Heap after GC invocations=22 (full 6):
 PSYoungGen      total 223744K, used 111592K [0x9ee40000, 0xb35c0000, 0xb35c0000)
  eden space 112128K, 0% used [0x9ee40000,0x9ee40000,0xa5bc0000)
  from space 111616K, 99% used [0xac8c0000,0xb35ba250,0xb35c0000)
  to   space 111616K, 0% used [0xa5bc0000,0xa5bc0000,0xac8c0000)
 ParOldGen       total 383488K, used 240265K [0x75fc0000, 0x8d640000, 0x9ee40000)
  object space 383488K, 62% used [0x75fc0000,0x84a62468,0x8d640000)
 PSPermGen       total 16384K, used 4483K [0x71fc0000, 0x72fc0000, 0x75fc0000)
  object space 16384K, 27% used [0x71fc0000,0x72420ef0,0x72fc0000)
}
Event: 13.662 GC heap before
{Heap before GC invocations=23 (full 6):
 PSYoungGen      total 223744K, used 223695K [0x9ee40000, 0xb35c0000, 0xb35c0000)
  eden space 112128K, 99% used [0x9ee40000,0xa5bb9b88,0xa5bc0000)
  from space 111616K, 99% used [0xac8c0000,0xb35ba250,0xb35c0000)
  to   space 111616K, 0% used [0xa5bc0000,0xa5bc0000,0xac8c0000)
 ParOldGen       total 383488K, used 240265K [0x75fc0000, 0x8d640000, 0x9ee40000)
  object space 383488K, 62% used [0x75fc0000,0x84a62468,0x8d640000)
 PSPermGen       total 16384K, used 4483K [0x71fc0000, 0x72fc0000, 0x75fc0000)
  object space 16384K, 27% used [0x71fc0000,0x72420ef0,0x72fc0000)
Event: 13.758 GC heap after
Heap after GC invocations=23 (full 6):
 PSYoungGen      total 223744K, used 111592K [0x9ee40000, 0xb35c0000, 0xb35c0000)
  eden space 112128K, 0% used [0x9ee40000,0x9ee40000,0xa5bc0000)
  from space 111616K, 99% used [0xa5bc0000,0xac8ba250,0xac8c0000)
  to   space 111616K, 0% used [0xac8c0000,0xac8c0000,0xb35c0000)
 ParOldGen       total 383488K, used 352312K [0x75fc0000, 0x8d640000, 0x9ee40000)
  object space 383488K, 91% used [0x75fc0000,0x8b7ce3d0,0x8d640000)
 PSPermGen       total 16384K, used 4483K [0x71fc0000, 0x72fc0000, 0x75fc0000)
  object space 16384K, 27% used [0x71fc0000,0x72420ef0,0x72fc0000)
}
Event: 13.758 GC heap before
{Heap before GC invocations=24 (full 7):
 PSYoungGen      total 223744K, used 111592K [0x9ee40000, 0xb35c0000, 0xb35c0000)
  eden space 112128K, 0% used [0x9ee40000,0x9ee40000,0xa5bc0000)
  from space 111616K, 99% used [0xa5bc0000,0xac8ba250,0xac8c0000)
  to   space 111616K, 0% used [0xac8c0000,0xac8c0000,0xb35c0000)
 ParOldGen       total 383488K, used 352312K [0x75fc0000, 0x8d640000, 0x9ee40000)
  object space 383488K, 91% used [0x75fc0000,0x8b7ce3d0,0x8d640000)
 PSPermGen       total 16384K, used 4483K [0x71fc0000, 0x72fc0000, 0x75fc0000)
  object space 16384K, 27% used [0x71fc0000,0x72420ef0,0x72fc0000)

