# JRE version: Java(TM) SE Runtime Environment (7.0_40-b43) (build 1.7.0_40-b43)
# Java VM: Java HotSpot(TM) Server VM (24.0-b56 mixed mode linux-x86 )
Heap
 PSYoungGen      total 135936K, used 57817K [0x9edc0000, 0xaba80000, 0xb3540000)
  eden space 78080K, 0% used [0x9edc0000,0x9edc0000,0xa3a00000)
  from space 57856K, 99% used [0xa8200000,0xaba765b8,0xaba80000)
  to   space 56832K, 0% used [0xa3a00000,0xa3a00000,0xa7180000)
 ParOldGen       total 190208K, used 178885K [0x75f40000, 0x81900000, 0x9edc0000)
  object space 190208K, 94% used [0x75f40000,0x80df1710,0x81900000)
 PSPermGen       total 16384K, used 4471K [0x71f40000, 0x72f40000, 0x75f40000)
  object space 16384K, 27% used [0x71f40000,0x7239de20,0x72f40000)
GC Heap History (10 events):
Event: 5.705 GC heap after
Heap after GC invocations=10 (full 3):
 PSYoungGen      total 84992K, used 35932K [0x9edc0000, 0xa8900000, 0xb3540000)
  eden space 45568K, 0% used [0x9edc0000,0x9edc0000,0xa1a40000)
  from space 39424K, 91% used [0xa1a40000,0xa3d57138,0xa40c0000)
  to   space 44544K, 0% used [0xa5d80000,0xa5d80000,0xa8900000)
 ParOldGen       total 190208K, used 101792K [0x75f40000, 0x81900000, 0x9edc0000)
  object space 190208K, 53% used [0x75f40000,0x7c2a8330,0x81900000)
 PSPermGen       total 16384K, used 4448K [0x71f40000, 0x72f40000, 0x75f40000)
  object space 16384K, 27% used [0x71f40000,0x72398108,0x72f40000)
}
Event: 6.616 GC heap before
{Heap before GC invocations=11 (full 3):
 PSYoungGen      total 84992K, used 81491K [0x9edc0000, 0xa8900000, 0xb3540000)
  eden space 45568K, 99% used [0x9edc0000,0xa1a3de68,0xa1a40000)
  from space 39424K, 91% used [0xa1a40000,0xa3d57138,0xa40c0000)
  to   space 44544K, 0% used [0xa5d80000,0xa5d80000,0xa8900000)
 ParOldGen       total 190208K, used 101792K [0x75f40000, 0x81900000, 0x9edc0000)
  object space 190208K, 53% used [0x75f40000,0x7c2a8330,0x81900000)
 PSPermGen       total 16384K, used 4456K [0x71f40000, 0x72f40000, 0x75f40000)
  object space 16384K, 27% used [0x71f40000,0x7239a2d8,0x72f40000)
Event: 6.622 GC heap after
Heap after GC invocations=11 (full 3):
 PSYoungGen      total 106240K, used 14110K [0x9edc0000, 0xa8400000, 0xb3540000)
  eden space 66816K, 0% used [0x9edc0000,0x9edc0000,0xa2f00000)
  from space 39424K, 35% used [0xa5d80000,0xa6b479b0,0xa8400000)
  to   space 43520K, 0% used [0xa2f00000,0xa2f00000,0xa5980000)
 ParOldGen       total 190208K, used 101792K [0x75f40000, 0x81900000, 0x9edc0000)
  object space 190208K, 53% used [0x75f40000,0x7c2a8330,0x81900000)
 PSPermGen       total 16384K, used 4456K [0x71f40000, 0x72f40000, 0x75f40000)
  object space 16384K, 27% used [0x71f40000,0x7239a2d8,0x72f40000)
}
Event: 6.853 GC heap before
{Heap before GC invocations=12 (full 3):
 PSYoungGen      total 106240K, used 80925K [0x9edc0000, 0xa8400000, 0xb3540000)
  eden space 66816K, 99% used [0x9edc0000,0xa2effd08,0xa2f00000)
  from space 39424K, 35% used [0xa5d80000,0xa6b479b0,0xa8400000)
  to   space 43520K, 0% used [0xa2f00000,0xa2f00000,0xa5980000)
 ParOldGen       total 190208K, used 101792K [0x75f40000, 0x81900000, 0x9edc0000)
  object space 190208K, 53% used [0x75f40000,0x7c2a8330,0x81900000)
 PSPermGen       total 16384K, used 4460K [0x71f40000, 0x72f40000, 0x75f40000)
  object space 16384K, 27% used [0x71f40000,0x7239b120,0x72f40000)
Event: 6.876 GC heap after
Heap after GC invocations=12 (full 3):
 PSYoungGen      total 110336K, used 43482K [0x9edc0000, 0xaa240000, 0xb3540000)
  eden space 66816K, 0% used [0x9edc0000,0x9edc0000,0xa2f00000)
  from space 43520K, 99% used [0xa2f00000,0xa5976910,0xa5980000)
  to   space 49920K, 0% used [0xa7180000,0xa7180000,0xaa240000)
 ParOldGen       total 190208K, used 116260K [0x75f40000, 0x81900000, 0x9edc0000)
  object space 190208K, 61% used [0x75f40000,0x7d0c9180,0x81900000)
 PSPermGen       total 16384K, used 4460K [0x71f40000, 0x72f40000, 0x75f40000)
  object space 16384K, 27% used [0x71f40000,0x7239b120,0x72f40000)
}
Event: 8.116 GC heap before
{Heap before GC invocations=13 (full 3):
 PSYoungGen      total 110336K, used 110281K [0x9edc0000, 0xaa240000, 0xb3540000)
  eden space 66816K, 99% used [0x9edc0000,0xa2efbe00,0xa2f00000)
  from space 43520K, 99% used [0xa2f00000,0xa5976910,0xa5980000)
  to   space 49920K, 0% used [0xa7180000,0xa7180000,0xaa240000)
 ParOldGen       total 190208K, used 116260K [0x75f40000, 0x81900000, 0x9edc0000)
  object space 190208K, 61% used [0x75f40000,0x7d0c9180,0x81900000)
 PSPermGen       total 16384K, used 4463K [0x71f40000, 0x72f40000, 0x75f40000)
  object space 16384K, 27% used [0x71f40000,0x7239bd10,0x72f40000)
Event: 8.137 GC heap after
Heap after GC invocations=13 (full 3):
 PSYoungGen      total 128000K, used 49906K [0x9edc0000, 0xaad80000, 0xb3540000)
  eden space 78080K, 0% used [0x9edc0000,0x9edc0000,0xa3a00000)
  from space 49920K, 99% used [0xa7180000,0xaa23cab8,0xaa240000)
  to   space 56832K, 0% used [0xa3a00000,0xa3a00000,0xa7180000)
 ParOldGen       total 190208K, used 121015K [0x75f40000, 0x81900000, 0x9edc0000)
  object space 190208K, 63% used [0x75f40000,0x7d56ddd0,0x81900000)
 PSPermGen       total 16384K, used 4463K [0x71f40000, 0x72f40000, 0x75f40000)
  object space 16384K, 27% used [0x71f40000,0x7239bd10,0x72f40000)
}
Event: 10.064 GC heap before
{Heap before GC invocations=14 (full 3):
 PSYoungGen      total 128000K, used 127952K [0x9edc0000, 0xaad80000, 0xb3540000)
  eden space 78080K, 99% used [0x9edc0000,0xa39f7598,0xa3a00000)
  from space 49920K, 99% used [0xa7180000,0xaa23cab8,0xaa240000)
  to   space 56832K, 0% used [0xa3a00000,0xa3a00000,0xa7180000)
 ParOldGen       total 190208K, used 121015K [0x75f40000, 0x81900000, 0x9edc0000)
  object space 190208K, 63% used [0x75f40000,0x7d56ddd0,0x81900000)
 PSPermGen       total 16384K, used 4471K [0x71f40000, 0x72f40000, 0x75f40000)
  object space 16384K, 27% used [0x71f40000,0x7239de20,0x72f40000)
Event: 10.090 GC heap after
Heap after GC invocations=14 (full 3):
 PSYoungGen      total 134912K, used 37664K [0x9edc0000, 0xaba80000, 0xb3540000)
  eden space 78080K, 0% used [0x9edc0000,0x9edc0000,0xa3a00000)
  from space 56832K, 66% used [0xa3a00000,0xa5ec8388,0xa7180000)
  to   space 57856K, 0% used [0xa8200000,0xa8200000,0xaba80000)
 ParOldGen       total 190208K, used 121015K [0x75f40000, 0x81900000, 0x9edc0000)
  object space 190208K, 63% used [0x75f40000,0x7d56ddd0,0x81900000)
 PSPermGen       total 16384K, used 4471K [0x71f40000, 0x72f40000, 0x75f40000)
  object space 16384K, 27% used [0x71f40000,0x7239de20,0x72f40000)
}
Event: 10.108 GC heap before
{Heap before GC invocations=15 (full 3):
 PSYoungGen      total 134912K, used 115720K [0x9edc0000, 0xaba80000, 0xb3540000)
  eden space 78080K, 99% used [0x9edc0000,0xa39f9ee0,0xa3a00000)
  from space 56832K, 66% used [0xa3a00000,0xa5ec8388,0xa7180000)
  to   space 57856K, 0% used [0xa8200000,0xa8200000,0xaba80000)
 ParOldGen       total 190208K, used 121015K [0x75f40000, 0x81900000, 0x9edc0000)
  object space 190208K, 63% used [0x75f40000,0x7d56ddd0,0x81900000)
 PSPermGen       total 16384K, used 4471K [0x71f40000, 0x72f40000, 0x75f40000)
  object space 16384K, 27% used [0x71f40000,0x7239de20,0x72f40000)

